Arguments: 
  C:\Program Files\nodejs\node.exe C:\Program Files (x86)\Yarn\bin\yarn.js add lodash.deepclone

PATH: 
  C:\ProgramData\Oracle\Java\javapath;C:\Program Files\Docker\Docker\Resources\bin;C:\Program Files (x86)\Microsoft SDKs\Azure\CLI2\wbin;C:\WINDOWS\system32;C:\WINDOWS;C:\WINDOWS\System32\Wbem;C:\WINDOWS\System32\WindowsPowerShell\v1.0\;C:\Program Files\PuTTY\;C:\ProgramData\chocolatey\bin;C:\Program Files\Git\cmd;C:\Program Files\dotnet\;C:\Program Files\Microsoft SQL Server\130\Tools\Binn\;C:\Program Files (x86)\Microsoft Emulator Manager\1.0\;C:\Program Files\nodejs\;C:\WINDOWS\system32\config\systemprofile\.dnx\bin;C:\Program Files\Microsoft DNX\Dnvm\;C:\Users\AlbertSlupianek\AppData\Local\Android\sdk\tools;C:\Users\AlbertSlupianek\AppData\Local\Android\sdk\platform-tools;C:\WINDOWS\System32\OpenSSH\;C:\Program Files (x86)\Yarn\bin\;C:\Users\AlbertSlupianek\AppData\Local\Microsoft\WindowsApps;C:\Program Files\Git\cmd;C:\Program Files\Git\bin;C:\Users\AlbertSlupianek\AppData\Roaming\npm;C:\Users\AlbertSlupianek\AppData\Local\Android\sdk\tools;C:\Users\AlbertSlupianek\AppData\Local\Android\sdk\platform-tools;C:\Program Files\Microsoft VS Code\bin;C:\Users\AlbertSlupianek\AppData\Local\atom\bin;C:\Program Files\Microsoft VS Code Insiders\bin;C:\Users\AlbertSlupianek\AppData\Local\Yarn\bin

Yarn version: 
  1.5.1

Node version: 
  9.3.0

Platform: 
  win32 x64

npm manifest: 
  {
    "name": "node-docker-monitor",
    "version": "1.0.10",
    "description": "Docker monitor helping to maintain list of running containers",
    "main": "./lib/index.js",
    "typings": "./lib/index.d.ts",
    "scripts": {
      "test": "node ./lib/test.js"
    },
    "repository": {
      "type": "git",
      "url": "https://github.com/Beh01der/node-docker-monitor.git"
    },
    "keywords": [
      "docker",
      "monitor",
      "container",
      "event"
    ],
    "author": "Andrey Chausenko <andrey.chausenko@gmail.com> (https://memz.co)",
    "license": "ISC",
    "bugs": {
      "url": "https://github.com/Beh01der/node-docker-monitor/issues"
    },
    "homepage": "https://github.com/Beh01der/node-docker-monitor",
    "dependencies": {
      "collections": "3.0.0",
      "dockerode": "2.2.10"
    }
  }

yarn manifest: 
  No manifest

Lockfile: 
  No lockfile

Trace: 
  Error: Couldn't find package "lodash.deepclone" on the "npm" registry.
      at new MessageError (C:\Program Files (x86)\Yarn\lib\cli.js:186:110)
      at NpmResolver.<anonymous> (C:\Program Files (x86)\Yarn\lib\cli.js:51625:15)
      at Generator.next (<anonymous>)
      at step (C:\Program Files (x86)\Yarn\lib\cli.js:98:30)
      at C:\Program Files (x86)\Yarn\lib\cli.js:109:13
      at <anonymous>
      at process._tickCallback (internal/process/next_tick.js:160:7)
